transforms: 
  - 
    header: 
      seq: 0
      stamp: 
        secs: 145
        nsecs: 199000000
      frame_id: base_link
    child_frame_id: arm_link_0
    transform: 
      translation: 
        x: 0.143
        y: 0.0
        z: 0.046
      rotation: 
        x: 0.0
        y: 0.0
        z: 0.0
        w: 1.0
  - 
    header: 
      seq: 0
      stamp: 
        secs: 145
        nsecs: 199000000
      frame_id: base_footprint
    child_frame_id: base_link
    transform: 
      translation: 
        x: 0.0
        y: 0.0
        z: 0.0
      rotation: 
        x: 0.0
        y: 0.0
        z: 0.0
        w: 1.0
  - 
    header: 
      seq: 0
      stamp: 
        secs: 145
        nsecs: 199000000
      frame_id: base_link
    child_frame_id: base_laser_front_link
    transform: 
      translation: 
        x: 0.3
        y: 0.0
        z: -0.03
      rotation: 
        x: 0.0
        y: 0.0
        z: 0.0
        w: 1.0
  - 
    header: 
      seq: 0
      stamp: 
        secs: 145
        nsecs: 199000000
      frame_id: arm_link_5
    child_frame_id: gripper_palm_link
    transform: 
      translation: 
        x: 0.0
        y: 0.0
        z: 0.0
      rotation: 
        x: 0.0
        y: 0.0
        z: 0.0
        w: 1.0
  - 
    header: 
      seq: 0
      stamp: 
        secs: 145
        nsecs: 199000000
      frame_id: kinect_camera_rgb_kinect2_link
    child_frame_id: kinect_camera_rgb_kinect2_ir_link
    transform: 
      translation: 
        x: -0.032267
        y: -0.0475
        z: 0.155
      rotation: 
        x: 0.0
        y: 0.0
        z: 0.0
        w: 1.0
  - 
    header: 
      seq: 0
      stamp: 
        secs: 145
        nsecs: 199000000
      frame_id: kinect_camera_rgb_kinect2_ir_link
    child_frame_id: kinect_camera_rgb_kinect2_ir_optical_frame
    transform: 
      translation: 
        x: 0.0
        y: 0.01
        z: 0.0
      rotation: 
        x: -0.5
        y: 0.499999999998
        z: -0.5
        w: 0.500000000002
  - 
    header: 
      seq: 0
      stamp: 
        secs: 145
        nsecs: 199000000
      frame_id: base_link
    child_frame_id: kinect_camera_rgb_kinect2_link
    transform: 
      translation: 
        x: 0.4
        y: 0.0
        z: 0.42
      rotation: 
        x: 0.0
        y: 0.15643446504
        z: 0.0
        w: 0.987688340595
  - 
    header: 
      seq: 0
      stamp: 
        secs: 145
        nsecs: 199000000
      frame_id: kinect_camera_rgb_kinect2_ir_link
    child_frame_id: kinect_camera_rgb_kinect2_rgb_link
    transform: 
      translation: 
        x: 0.0
        y: -0.05175
        z: 0.0
      rotation: 
        x: 0.0
        y: 0.0
        z: 0.0
        w: 1.0
  - 
    header: 
      seq: 0
      stamp: 
        secs: 145
        nsecs: 199000000
      frame_id: kinect_camera_rgb_kinect2_rgb_link
    child_frame_id: kinect_camera_rgb_kinect2_rgb_optical_frame
    transform: 
      translation: 
        x: 0.0
        y: 0.0
        z: 0.0
      rotation: 
        x: -0.5
        y: 0.499999999998
        z: -0.5
        w: 0.500000000002
  - 
    header: 
      seq: 0
      stamp: 
        secs: 145
        nsecs: 199000000
      frame_id: base_link
    child_frame_id: plate_link
    transform: 
      translation: 
        x: -0.159
        y: 0.0
        z: 0.046
      rotation: 
        x: 0.0
        y: 0.0
        z: 0.0
        w: 1.0
---
